<?xml version="1.0" encoding="UTF-8"?>
<!-- Generated by org.testng.reporters.JUnitXMLReporter -->
<testsuite hostname="ONEs-MacBook-Pro.local" ignored="0" name="Default test" tests="10" failures="0" timestamp="2021-08-27T14:33:15 IST" time="122.64" errors="0">
  <testcase name="verifyEventFilterOptionsTest" time="1.591" classname="com.atlas.automation.tests.EventsPageTest"/>
  <testcase name="EventListingPageTest" time="0.158" classname="com.atlas.automation.tests.EventsPageTest"/>
  <testcase name="filterByShowType" time="3.997" classname="com.atlas.automation.tests.EventsPageTest"/>
  <testcase name="filterByEventVenue" time="4.086" classname="com.atlas.automation.tests.EventsPageTest"/>
  <testcase name="Monthfilter" time="20.364" classname="com.atlas.automation.tests.EventsPageTest"/>
  <testcase name="Yearfilter" time="43.471" classname="com.atlas.automation.tests.EventsPageTest"/>
  <testcase name="filterByEventByShowtypeandvenue" time="7.715" classname="com.atlas.automation.tests.EventsPageTest"/>
  <testcase name="eventSearchByNameTest" time="5.443" classname="com.atlas.automation.tests.EventsPageTest"/>
  <testcase name="eventSearchByNamewithfilterTest" time="5.493" classname="com.atlas.automation.tests.EventsPageTest"/>
  <testcase name="clearFilter" time="21.139" classname="com.atlas.automation.tests.EventsPageTest"/>
</testsuite> <!-- Default test -->
